Connecting to database specified by database.yml
Connecting to database specified by database.yml
Connecting to database specified by database.yml
Connecting to database specified by database.yml
Connecting to database specified by database.yml
  [1m[36m (0.1ms)[0m  [1mselect sqlite_version(*)[0m
  [1m[35m (383.9ms)[0m  CREATE TABLE "schema_migrations" ("version" varchar(255) NOT NULL) 
  [1m[36m (299.7ms)[0m  [1mCREATE UNIQUE INDEX "unique_schema_migrations" ON "schema_migrations" ("version")[0m
  [1m[35m (2.0ms)[0m  SELECT "schema_migrations"."version" FROM "schema_migrations" 
Migrating to CreateBooks (20131103135453)
  [1m[36m (0.0ms)[0m  [1mbegin transaction[0m
  [1m[35m (0.3ms)[0m  CREATE TABLE "books" ("id" INTEGER PRIMARY KEY AUTOINCREMENT NOT NULL, "name" varchar(255), "ISBN" varchar(255), "description" text, "total" integer, "remain" integer, "created_at" datetime NOT NULL, "updated_at" datetime NOT NULL) 
  [1m[36m (0.1ms)[0m  [1mINSERT INTO "schema_migrations" ("version") VALUES ('20131103135453')[0m
  [1m[35m (337.6ms)[0m  commit transaction
Migrating to CreateReaders (20131103135508)
  [1m[36m (0.1ms)[0m  [1mbegin transaction[0m
  [1m[35m (0.3ms)[0m  CREATE TABLE "readers" ("id" INTEGER PRIMARY KEY AUTOINCREMENT NOT NULL, "name" varchar(255), "email" varchar(255), "phone" varchar(255), "created_at" datetime NOT NULL, "updated_at" datetime NOT NULL) 
  [1m[36m (0.1ms)[0m  [1mINSERT INTO "schema_migrations" ("version") VALUES ('20131103135508')[0m
  [1m[35m (319.2ms)[0m  commit transaction
  [1m[36m (0.1ms)[0m  [1mSELECT "schema_migrations"."version" FROM "schema_migrations" [0m
Connecting to database specified by database.yml
  [1m[36m (1.8ms)[0m  [1mSELECT "schema_migrations"."version" FROM "schema_migrations" [0m
Connecting to database specified by database.yml
  [1m[36m (1.7ms)[0m  [1mSELECT "schema_migrations"."version" FROM "schema_migrations" [0m
  [1m[35m (0.1ms)[0m  begin transaction
  [1m[36mSQL (258.8ms)[0m  [1mINSERT INTO "books" ("ISBN", "created_at", "description", "name", "remain", "total", "updated_at") VALUES (?, ?, ?, ?, ?, ?, ?)[0m  [["ISBN", "ABCDETTTFG124"], ["created_at", Sun, 03 Nov 2013 14:00:47 UTC +00:00], ["description", "It is a wonderful book"], ["name", "Moonlight"], ["remain", 1], ["total", 3], ["updated_at", Sun, 03 Nov 2013 14:00:47 UTC +00:00]]
  [1m[35m (226.8ms)[0m  commit transaction
  [1m[36m (0.1ms)[0m  [1mbegin transaction[0m
  [1m[35mSQL (0.4ms)[0m  INSERT INTO "books" ("ISBN", "created_at", "description", "name", "remain", "total", "updated_at") VALUES (?, ?, ?, ?, ?, ?, ?)  [["ISBN", "ABCDEFG133224"], ["created_at", Sun, 03 Nov 2013 14:00:47 UTC +00:00], ["description", "It is also a wonderful book"], ["name", "Sunshine"], ["remain", 3], ["total", 3], ["updated_at", Sun, 03 Nov 2013 14:00:47 UTC +00:00]]
  [1m[36m (256.6ms)[0m  [1mcommit transaction[0m
  [1m[35m (0.1ms)[0m  begin transaction
  [1m[36mSQL (0.3ms)[0m  [1mINSERT INTO "books" ("ISBN", "created_at", "description", "name", "remain", "total", "updated_at") VALUES (?, ?, ?, ?, ?, ?, ?)[0m  [["ISBN", "AB23EFG124"], ["created_at", Sun, 03 Nov 2013 14:00:47 UTC +00:00], ["description", "Bad book about a prisoner"], ["name", "My life"], ["remain", 1], ["total", 1], ["updated_at", Sun, 03 Nov 2013 14:00:47 UTC +00:00]]
  [1m[35m (305.7ms)[0m  commit transaction
  [1m[36m (0.1ms)[0m  [1mbegin transaction[0m
  [1m[35mSQL (0.7ms)[0m  INSERT INTO "readers" ("created_at", "email", "name", "phone", "updated_at") VALUES (?, ?, ?, ?, ?)  [["created_at", Sun, 03 Nov 2013 14:00:48 UTC +00:00], ["email", "haha@o.com"], ["name", "Tom"], ["phone", "12345678910"], ["updated_at", Sun, 03 Nov 2013 14:00:48 UTC +00:00]]
  [1m[36m (311.5ms)[0m  [1mcommit transaction[0m
  [1m[35m (0.1ms)[0m  begin transaction
  [1m[36mSQL (0.4ms)[0m  [1mINSERT INTO "readers" ("created_at", "email", "name", "phone", "updated_at") VALUES (?, ?, ?, ?, ?)[0m  [["created_at", Sun, 03 Nov 2013 14:00:48 UTC +00:00], ["email", "new.k@hi.com"], ["name", "Ann"], ["phone", "1123581321"], ["updated_at", Sun, 03 Nov 2013 14:00:48 UTC +00:00]]
  [1m[35m (429.1ms)[0m  commit transaction
Connecting to database specified by database.yml


Started GET "/assets/rails.png" for 127.0.0.1 at 2013-11-03 22:01:05 +0800
Served asset /rails.png - 200 OK (96ms)


Started GET "/bookManage" for 127.0.0.1 at 2013-11-03 22:01:13 +0800

ActionController::RoutingError (No route matches [GET] "/bookManage"):
  actionpack (3.2.13) lib/action_dispatch/middleware/debug_exceptions.rb:21:in `call'
  actionpack (3.2.13) lib/action_dispatch/middleware/show_exceptions.rb:56:in `call'
  railties (3.2.13) lib/rails/rack/logger.rb:32:in `call_app'
  railties (3.2.13) lib/rails/rack/logger.rb:16:in `block in call'
  activesupport (3.2.13) lib/active_support/tagged_logging.rb:22:in `tagged'
  railties (3.2.13) lib/rails/rack/logger.rb:16:in `call'
  actionpack (3.2.13) lib/action_dispatch/middleware/request_id.rb:22:in `call'
  rack (1.4.5) lib/rack/methodoverride.rb:21:in `call'
  rack (1.4.5) lib/rack/runtime.rb:17:in `call'
  activesupport (3.2.13) lib/active_support/cache/strategy/local_cache.rb:72:in `call'
  rack (1.4.5) lib/rack/lock.rb:15:in `call'
  actionpack (3.2.13) lib/action_dispatch/middleware/static.rb:63:in `call'
  railties (3.2.13) lib/rails/engine.rb:479:in `call'
  railties (3.2.13) lib/rails/application.rb:223:in `call'
  rack (1.4.5) lib/rack/content_length.rb:14:in `call'
  railties (3.2.13) lib/rails/rack/log_tailer.rb:17:in `call'
  rack (1.4.5) lib/rack/handler/webrick.rb:59:in `service'
  /home/winmad/.rvm/rubies/ruby-1.9.3-p448/lib/ruby/1.9.1/webrick/httpserver.rb:138:in `service'
  /home/winmad/.rvm/rubies/ruby-1.9.3-p448/lib/ruby/1.9.1/webrick/httpserver.rb:94:in `run'
  /home/winmad/.rvm/rubies/ruby-1.9.3-p448/lib/ruby/1.9.1/webrick/server.rb:191:in `block in start_thread'


  Rendered /home/winmad/.rvm/gems/ruby-1.9.3-p448@global/gems/actionpack-3.2.13/lib/action_dispatch/middleware/templates/rescues/routing_error.erb within rescues/layout (24.2ms)


Started GET "/lib_manage/home" for 127.0.0.1 at 2013-11-03 22:02:29 +0800
Processing by LibManageController#home as HTML
  [1m[36mBook Load (0.1ms)[0m  [1mSELECT "books".* FROM "books" [0m
  Rendered lib_manage/home.html.erb within layouts/application (0.7ms)
Compiled lib_manage.css  (371ms)  (pid 24172)
Compiled application.css  (436ms)  (pid 24172)
Compiled jquery.js  (42ms)  (pid 24172)
Compiled jquery_ujs.js  (0ms)  (pid 24172)
Compiled application.js  (112ms)  (pid 24172)
Completed 200 OK in 884ms (Views: 812.8ms | ActiveRecord: 2.6ms)


Started GET "/assets/lib_manage.css?body=1" for 127.0.0.1 at 2013-11-03 22:02:30 +0800
Served asset /lib_manage.css - 200 OK (2ms)


Started GET "/assets/application.css?body=1" for 127.0.0.1 at 2013-11-03 22:02:30 +0800
Served asset /application.css - 200 OK (2ms)


Started GET "/assets/jquery_ujs.js?body=1" for 127.0.0.1 at 2013-11-03 22:02:30 +0800
Served asset /jquery_ujs.js - 200 OK (1ms)


Started GET "/assets/application.js?body=1" for 127.0.0.1 at 2013-11-03 22:02:30 +0800
Served asset /application.js - 200 OK (3ms)


Started GET "/assets/jquery.js?body=1" for 127.0.0.1 at 2013-11-03 22:02:30 +0800
Served asset /jquery.js - 200 OK (2ms)
Connecting to database specified by database.yml


Started GET "/assets/rails.png" for 127.0.0.1 at 2013-11-03 22:06:30 +0800
Served asset /rails.png - 304 Not Modified (1ms)


Started GET "/assets/rails.png" for 127.0.0.1 at 2013-11-03 22:06:33 +0800
Served asset /rails.png - 304 Not Modified (0ms)


Started GET "/" for 127.0.0.1 at 2013-11-03 22:06:59 +0800
Processing by LibManageController#home as HTML
  [1m[36mBook Load (0.2ms)[0m  [1mSELECT "books".* FROM "books" [0m
  Rendered lib_manage/home.html.erb within layouts/application (3.2ms)
Completed 200 OK in 231ms (Views: 109.9ms | ActiveRecord: 4.8ms)


Started GET "/assets/application.css?body=1" for 127.0.0.1 at 2013-11-03 22:07:00 +0800
Served asset /application.css - 304 Not Modified (2ms)


Started GET "/assets/lib_manage.css?body=1" for 127.0.0.1 at 2013-11-03 22:07:00 +0800
Served asset /lib_manage.css - 304 Not Modified (3ms)


Started GET "/assets/jquery.js?body=1" for 127.0.0.1 at 2013-11-03 22:07:00 +0800
Served asset /jquery.js - 304 Not Modified (2ms)


Started GET "/assets/jquery_ujs.js?body=1" for 127.0.0.1 at 2013-11-03 22:07:00 +0800
Served asset /jquery_ujs.js - 304 Not Modified (2ms)


Started GET "/assets/application.js?body=1" for 127.0.0.1 at 2013-11-03 22:07:00 +0800
Served asset /application.js - 304 Not Modified (4ms)
Connecting to database specified by database.yml
Connecting to database specified by database.yml
Connecting to database specified by database.yml
Connecting to database specified by database.yml
  [1m[36m (1.6ms)[0m  [1mSELECT "schema_migrations"."version" FROM "schema_migrations" [0m
  [1m[35m (0.4ms)[0m  select sqlite_version(*)
  [1m[36m (536.0ms)[0m  [1mCREATE TABLE "books" ("id" INTEGER PRIMARY KEY AUTOINCREMENT NOT NULL, "name" varchar(255), "ISBN" varchar(255), "description" text, "total" integer, "remain" integer, "created_at" datetime NOT NULL, "updated_at" datetime NOT NULL) [0m
  [1m[35m (233.4ms)[0m  CREATE TABLE "readers" ("id" INTEGER PRIMARY KEY AUTOINCREMENT NOT NULL, "name" varchar(255), "email" varchar(255), "phone" varchar(255), "created_at" datetime NOT NULL, "updated_at" datetime NOT NULL) 
  [1m[36m (254.0ms)[0m  [1mCREATE TABLE "schema_migrations" ("version" varchar(255) NOT NULL) [0m
  [1m[35m (411.3ms)[0m  CREATE UNIQUE INDEX "unique_schema_migrations" ON "schema_migrations" ("version")
  [1m[36m (0.1ms)[0m  [1mSELECT version FROM "schema_migrations"[0m
  [1m[35m (310.0ms)[0m  INSERT INTO "schema_migrations" (version) VALUES ('20131103135508')
  [1m[36m (222.3ms)[0m  [1mINSERT INTO "schema_migrations" (version) VALUES ('20131103135453')[0m
Connecting to database specified by database.yml
  [1m[36m (3.0ms)[0m  [1mSELECT "schema_migrations"."version" FROM "schema_migrations" [0m
  [1m[35m (0.3ms)[0m  select sqlite_version(*)
  [1m[36m (861.8ms)[0m  [1mCREATE TABLE "books" ("id" INTEGER PRIMARY KEY AUTOINCREMENT NOT NULL, "name" varchar(255), "ISBN" varchar(255), "description" text, "total" integer, "remain" integer, "created_at" datetime NOT NULL, "updated_at" datetime NOT NULL) [0m
  [1m[35m (254.7ms)[0m  CREATE TABLE "readers" ("id" INTEGER PRIMARY KEY AUTOINCREMENT NOT NULL, "name" varchar(255), "email" varchar(255), "phone" varchar(255), "created_at" datetime NOT NULL, "updated_at" datetime NOT NULL) 
  [1m[36m (265.9ms)[0m  [1mCREATE TABLE "schema_migrations" ("version" varchar(255) NOT NULL) [0m
  [1m[35m (255.2ms)[0m  CREATE UNIQUE INDEX "unique_schema_migrations" ON "schema_migrations" ("version")
  [1m[36m (0.1ms)[0m  [1mSELECT version FROM "schema_migrations"[0m
  [1m[35m (321.7ms)[0m  INSERT INTO "schema_migrations" (version) VALUES ('20131103135508')
  [1m[36m (336.8ms)[0m  [1mINSERT INTO "schema_migrations" (version) VALUES ('20131103135453')[0m
Connecting to database specified by database.yml
  [1m[36m (1.6ms)[0m  [1mSELECT "schema_migrations"."version" FROM "schema_migrations" [0m
  [1m[35m (0.3ms)[0m  select sqlite_version(*)
  [1m[36m (380.6ms)[0m  [1mCREATE TABLE "books" ("id" INTEGER PRIMARY KEY AUTOINCREMENT NOT NULL, "name" varchar(255), "ISBN" varchar(255), "description" text, "total" integer, "remain" integer, "created_at" datetime NOT NULL, "updated_at" datetime NOT NULL) [0m
  [1m[35m (234.4ms)[0m  CREATE TABLE "readers" ("id" INTEGER PRIMARY KEY AUTOINCREMENT NOT NULL, "name" varchar(255), "email" varchar(255), "phone" varchar(255), "created_at" datetime NOT NULL, "updated_at" datetime NOT NULL) 
  [1m[36m (264.1ms)[0m  [1mCREATE TABLE "schema_migrations" ("version" varchar(255) NOT NULL) [0m
  [1m[35m (233.1ms)[0m  CREATE UNIQUE INDEX "unique_schema_migrations" ON "schema_migrations" ("version")
  [1m[36m (0.1ms)[0m  [1mSELECT version FROM "schema_migrations"[0m
  [1m[35m (201.0ms)[0m  INSERT INTO "schema_migrations" (version) VALUES ('20131103135508')
  [1m[36m (288.6ms)[0m  [1mINSERT INTO "schema_migrations" (version) VALUES ('20131103135453')[0m
Connecting to database specified by database.yml
  [1m[36m (1.6ms)[0m  [1mSELECT "schema_migrations"."version" FROM "schema_migrations" [0m
  [1m[35m (0.3ms)[0m  select sqlite_version(*)
  [1m[36m (273.3ms)[0m  [1mCREATE TABLE "books" ("id" INTEGER PRIMARY KEY AUTOINCREMENT NOT NULL, "name" varchar(255), "ISBN" varchar(255), "description" text, "total" integer, "remain" integer, "created_at" datetime NOT NULL, "updated_at" datetime NOT NULL) [0m
  [1m[35m (220.6ms)[0m  CREATE TABLE "readers" ("id" INTEGER PRIMARY KEY AUTOINCREMENT NOT NULL, "name" varchar(255), "email" varchar(255), "phone" varchar(255), "created_at" datetime NOT NULL, "updated_at" datetime NOT NULL) 
  [1m[36m (266.2ms)[0m  [1mCREATE TABLE "schema_migrations" ("version" varchar(255) NOT NULL) [0m
  [1m[35m (344.2ms)[0m  CREATE UNIQUE INDEX "unique_schema_migrations" ON "schema_migrations" ("version")
  [1m[36m (0.1ms)[0m  [1mSELECT version FROM "schema_migrations"[0m
  [1m[35m (287.9ms)[0m  INSERT INTO "schema_migrations" (version) VALUES ('20131103135508')
  [1m[36m (177.5ms)[0m  [1mINSERT INTO "schema_migrations" (version) VALUES ('20131103135453')[0m
Connecting to database specified by database.yml
  [1m[36m (1.5ms)[0m  [1mSELECT "schema_migrations"."version" FROM "schema_migrations" [0m
Migrating to CreateBooks (20131103135453)
Migrating to CreateReaders (20131103135508)
  [1m[35m (0.1ms)[0m  select sqlite_version(*)
  [1m[36m (0.1ms)[0m  [1mSELECT "schema_migrations"."version" FROM "schema_migrations" [0m
Connecting to database specified by database.yml
  [1m[36m (1.7ms)[0m  [1mSELECT "schema_migrations"."version" FROM "schema_migrations" [0m
  [1m[35m (0.1ms)[0m  begin transaction
  [1m[36mSQL (17.7ms)[0m  [1mINSERT INTO "books" ("ISBN", "created_at", "description", "name", "remain", "total", "updated_at") VALUES (?, ?, ?, ?, ?, ?, ?)[0m  [["ISBN", "ABCDETTTFG124"], ["created_at", Sun, 03 Nov 2013 14:14:07 UTC +00:00], ["description", "It is a wonderful book"], ["name", "Moonlight"], ["remain", 1], ["total", 3], ["updated_at", Sun, 03 Nov 2013 14:14:07 UTC +00:00]]
  [1m[35m (816.4ms)[0m  commit transaction
  [1m[36m (0.1ms)[0m  [1mbegin transaction[0m
  [1m[35mSQL (0.4ms)[0m  INSERT INTO "books" ("ISBN", "created_at", "description", "name", "remain", "total", "updated_at") VALUES (?, ?, ?, ?, ?, ?, ?)  [["ISBN", "ABCDEFG133224"], ["created_at", Sun, 03 Nov 2013 14:14:08 UTC +00:00], ["description", "It is also a wonderful book"], ["name", "Sunshine"], ["remain", 3], ["total", 3], ["updated_at", Sun, 03 Nov 2013 14:14:08 UTC +00:00]]
  [1m[36m (752.7ms)[0m  [1mcommit transaction[0m
  [1m[35m (0.1ms)[0m  begin transaction
  [1m[36mSQL (0.3ms)[0m  [1mINSERT INTO "books" ("ISBN", "created_at", "description", "name", "remain", "total", "updated_at") VALUES (?, ?, ?, ?, ?, ?, ?)[0m  [["ISBN", "AB23EFG124"], ["created_at", Sun, 03 Nov 2013 14:14:09 UTC +00:00], ["description", "Bad book about a prisoner"], ["name", "My life"], ["remain", 1], ["total", 1], ["updated_at", Sun, 03 Nov 2013 14:14:09 UTC +00:00]]
  [1m[35m (242.9ms)[0m  commit transaction
  [1m[36m (0.1ms)[0m  [1mbegin transaction[0m
  [1m[35mSQL (0.5ms)[0m  INSERT INTO "readers" ("created_at", "email", "name", "phone", "updated_at") VALUES (?, ?, ?, ?, ?)  [["created_at", Sun, 03 Nov 2013 14:14:09 UTC +00:00], ["email", "haha@o.com"], ["name", "Tom"], ["phone", "12345678910"], ["updated_at", Sun, 03 Nov 2013 14:14:09 UTC +00:00]]
  [1m[36m (243.7ms)[0m  [1mcommit transaction[0m
  [1m[35m (0.1ms)[0m  begin transaction
  [1m[36mSQL (0.4ms)[0m  [1mINSERT INTO "readers" ("created_at", "email", "name", "phone", "updated_at") VALUES (?, ?, ?, ?, ?)[0m  [["created_at", Sun, 03 Nov 2013 14:14:10 UTC +00:00], ["email", "new.k@hi.com"], ["name", "Ann"], ["phone", "1123581321"], ["updated_at", Sun, 03 Nov 2013 14:14:10 UTC +00:00]]
  [1m[35m (227.5ms)[0m  commit transaction
Connecting to database specified by database.yml


Started GET "/" for 127.0.0.1 at 2013-11-03 22:14:28 +0800
Processing by LibManageController#home as HTML
  [1m[36mBook Load (0.1ms)[0m  [1mSELECT "books".* FROM "books" [0m
  Rendered lib_manage/home.html.erb within layouts/application (43.6ms)
Compiled jquery.js  (1ms)  (pid 25454)
Compiled jquery_ujs.js  (0ms)  (pid 25454)
Compiled application.js  (30ms)  (pid 25454)
Completed 200 OK in 269ms (Views: 157.8ms | ActiveRecord: 2.9ms)


Started GET "/assets/application.css?body=1" for 127.0.0.1 at 2013-11-03 22:14:29 +0800
Served asset /application.css - 304 Not Modified (2ms)


Started GET "/assets/jquery.js?body=1" for 127.0.0.1 at 2013-11-03 22:14:29 +0800
Served asset /jquery.js - 200 OK (23ms)


Started GET "/assets/application.js?body=1" for 127.0.0.1 at 2013-11-03 22:14:29 +0800
Served asset /application.js - 304 Not Modified (4ms)


Started GET "/assets/jquery_ujs.js?body=1" for 127.0.0.1 at 2013-11-03 22:14:29 +0800
Served asset /jquery_ujs.js - 304 Not Modified (2ms)


Started GET "/assets/lib_manage.css?body=1" for 127.0.0.1 at 2013-11-03 22:14:29 +0800
Served asset /lib_manage.css - 304 Not Modified (2ms)


Started GET "/" for 127.0.0.1 at 2013-11-03 22:14:36 +0800
Processing by LibManageController#home as HTML
  [1m[35mBook Load (0.3ms)[0m  SELECT "books".* FROM "books" 
  Rendered lib_manage/home.html.erb within layouts/application (0.3ms)
Completed 200 OK in 8ms (Views: 5.9ms | ActiveRecord: 0.3ms)


Started GET "/assets/application.css?body=1" for 127.0.0.1 at 2013-11-03 22:14:36 +0800
Served asset /application.css - 304 Not Modified (0ms)


Started GET "/assets/lib_manage.css?body=1" for 127.0.0.1 at 2013-11-03 22:14:36 +0800
Served asset /lib_manage.css - 304 Not Modified (0ms)


Started GET "/assets/jquery_ujs.js?body=1" for 127.0.0.1 at 2013-11-03 22:14:36 +0800
Served asset /jquery_ujs.js - 304 Not Modified (0ms)


Started GET "/assets/application.js?body=1" for 127.0.0.1 at 2013-11-03 22:14:36 +0800
Served asset /application.js - 304 Not Modified (0ms)
Connecting to database specified by database.yml
  [1m[36m (1.4ms)[0m  [1mSELECT "schema_migrations"."version" FROM "schema_migrations" [0m
  [1m[35m (0.3ms)[0m  select sqlite_version(*)
  [1m[36m (451.7ms)[0m  [1mCREATE TABLE "books" ("id" INTEGER PRIMARY KEY AUTOINCREMENT NOT NULL, "name" varchar(255), "ISBN" varchar(255), "description" text, "total" integer, "remain" integer, "created_at" datetime NOT NULL, "updated_at" datetime NOT NULL) [0m
  [1m[35m (421.3ms)[0m  CREATE TABLE "readers" ("id" INTEGER PRIMARY KEY AUTOINCREMENT NOT NULL, "name" varchar(255), "email" varchar(255), "phone" varchar(255), "created_at" datetime NOT NULL, "updated_at" datetime NOT NULL) 
  [1m[36m (221.8ms)[0m  [1mCREATE TABLE "schema_migrations" ("version" varchar(255) NOT NULL) [0m
  [1m[35m (244.0ms)[0m  CREATE UNIQUE INDEX "unique_schema_migrations" ON "schema_migrations" ("version")
  [1m[36m (0.1ms)[0m  [1mSELECT version FROM "schema_migrations"[0m
  [1m[35m (187.1ms)[0m  INSERT INTO "schema_migrations" (version) VALUES ('20131103135508')
  [1m[36m (255.3ms)[0m  [1mINSERT INTO "schema_migrations" (version) VALUES ('20131103135453')[0m
Connecting to database specified by database.yml
  [1m[36m (1.8ms)[0m  [1mSELECT "schema_migrations"."version" FROM "schema_migrations" [0m
  [1m[35m (0.3ms)[0m  select sqlite_version(*)
  [1m[36m (443.5ms)[0m  [1mCREATE TABLE "books" ("id" INTEGER PRIMARY KEY AUTOINCREMENT NOT NULL, "name" varchar(255), "ISBN" varchar(255), "description" text, "total" integer, "remain" integer, "created_at" datetime NOT NULL, "updated_at" datetime NOT NULL) [0m
  [1m[35m (443.3ms)[0m  CREATE TABLE "readers" ("id" INTEGER PRIMARY KEY AUTOINCREMENT NOT NULL, "name" varchar(255), "email" varchar(255), "phone" varchar(255), "created_at" datetime NOT NULL, "updated_at" datetime NOT NULL) 
  [1m[36m (988.1ms)[0m  [1mCREATE TABLE "schema_migrations" ("version" varchar(255) NOT NULL) [0m
  [1m[35m (415.7ms)[0m  CREATE UNIQUE INDEX "unique_schema_migrations" ON "schema_migrations" ("version")
  [1m[36m (0.1ms)[0m  [1mSELECT version FROM "schema_migrations"[0m
  [1m[35m (182.5ms)[0m  INSERT INTO "schema_migrations" (version) VALUES ('20131103135508')
  [1m[36m (210.8ms)[0m  [1mINSERT INTO "schema_migrations" (version) VALUES ('20131103135453')[0m
